20:38:581 [main] INFO : testscripts.Facebook_Login - techStach is not defined in vm arguments. getting the configuration from runtime.properties file
20:49:157 [main] DEBUG: library.selenium.BasePO - obtaining the driver for current thread
20:49:181 [main] INFO : library.selenium.BasePO - application http://facebook.com launched in new window
20:49:181 [main] DEBUG: library.selenium.BasePO - obtaining the driver for current thread
20:55:987 [main] INFO : library.reporting.ExtentReporter - Directory: D:\intelij-workspace\automation-framework-pom\extent-report\Facebook_Login\2021.01.17.20.07.37\screenshots\Login To Facebook is created!
20:56:489 [main] DEBUG: library.selenium.BasePO - obtaining the wait for current thread
20:57:108 [main] INFO : library.selenium.BasePO - element by 'By.xpath: //a[@data-testid='open-registration-form-button']' located successfully
20:57:109 [main] DEBUG: library.selenium.BasePO - obtaining the driver for current thread
20:57:859 [main] DEBUG: library.selenium.BasePO - obtaining the wait for current thread
20:59:231 [main] INFO : library.selenium.BasePO - element by 'By.name: firstname' located successfully
20:59:231 [main] DEBUG: library.selenium.BasePO - obtaining the driver for current thread
20:59:247 [main] INFO : library.selenium.BasePO - returning the value as it is provided in the steps
20:59:509 [main] DEBUG: library.selenium.BasePO - obtaining the wait for current thread
20:59:618 [main] INFO : library.selenium.BasePO - element by 'By.name: lastname' located successfully
20:59:619 [main] DEBUG: library.selenium.BasePO - obtaining the driver for current thread
20:59:648 [main] INFO : library.selenium.BasePO - returning the value as it is provided in the steps
20:59:871 [main] DEBUG: library.selenium.BasePO - obtaining the wait for current thread
20:59:931 [main] INFO : library.selenium.BasePO - element by 'By.name: reg_email__' located successfully
20:59:931 [main] DEBUG: library.selenium.BasePO - obtaining the driver for current thread
20:59:950 [main] INFO : library.selenium.BasePO - returning the value as it is provided in the steps
20:00:045 [main] DEBUG: library.selenium.BasePO - obtaining the wait for current thread
20:00:131 [main] INFO : library.selenium.BasePO - element by 'By.id: password_step_input' located successfully
20:00:132 [main] DEBUG: library.selenium.BasePO - obtaining the driver for current thread
20:00:151 [main] INFO : library.selenium.BasePO - returning the value of PASSWORD from data dictionary
20:00:408 [main] DEBUG: library.selenium.BasePO - obtaining the wait for current thread
20:00:750 [main] DEBUG: library.selenium.BasePO - obtaining the wait for current thread
20:00:895 [main] DEBUG: library.selenium.BasePO - obtaining the wait for current thread
20:01:041 [main] DEBUG: library.selenium.BasePO - obtaining the driver for current thread
